2025-02-27 17:00:08,657 - INFO - Starting training for inflammation task
2025-02-27 17:00:08,657 - INFO - Command line arguments:
2025-02-27 17:00:08,657 - INFO -   task: inflammation
2025-02-27 17:00:08,657 - INFO -   model: densenet121
2025-02-27 17:00:08,657 - INFO -   batch_size: None
2025-02-27 17:00:08,657 - INFO -   epochs: None
2025-02-27 17:00:08,657 - INFO -   learning_rate: None
2025-02-27 17:00:08,657 - INFO -   weight_decay: None
2025-02-27 17:00:08,657 - INFO -   list_models: False
2025-02-27 17:00:08,657 - INFO -   base_dir: None
2025-02-27 17:00:08,657 - INFO -   data_dir: None
2025-02-27 17:00:08,657 - INFO -   output_dir: None
2025-02-27 17:00:08,657 - INFO - Project paths:
2025-02-27 17:00:08,657 - INFO -   BASE_DIR: /mnt/data/dliebel/2024_dliebel/data
2025-02-27 17:00:08,657 - INFO -   DATA_DIR: /mnt/data/dliebel/2024_dliebel/data
2025-02-27 17:00:08,657 - INFO -   RAW_DIR: /mnt/data/dliebel/2024_dliebel/data/data/raw
2025-02-27 17:00:08,657 - INFO -   PROCESSED_DIR: /mnt/data/dliebel/2024_dliebel/data/data/processed
2025-02-27 17:00:08,657 - INFO -   SPLITS_DIR: /mnt/data/dliebel/2024_dliebel/data/data/splits
2025-02-27 17:00:08,658 - INFO -   RESULTS_DIR: /mnt/data/dliebel/2024_dliebel/data/results
2025-02-27 17:00:08,658 - INFO -   LOGS_DIR: /mnt/data/dliebel/2024_dliebel/data/results/logs
2025-02-27 17:00:08,658 - INFO -   FIGURES_DIR: /mnt/data/dliebel/2024_dliebel/data/results/figures
2025-02-27 17:00:08,658 - INFO -   TABLES_DIR: /mnt/data/dliebel/2024_dliebel/data/results/tables
2025-02-27 17:00:08,658 - INFO -   MODELS_DIR: /mnt/data/dliebel/2024_dliebel/data/results/models
2025-02-27 17:00:08,658 - INFO -   METRICS_DIR: /mnt/data/dliebel/2024_dliebel/data/results/metrics
2025-02-27 17:00:08,658 - INFO -   CONFIG_DIR: /mnt/data/dliebel/2024_dliebel/data/configs
2025-02-27 17:00:08,658 - INFO -   TUNING_DIR: /mnt/data/dliebel/2024_dliebel/data/results/tuning
2025-02-27 17:00:08,658 - ERROR - Config file not found: /mnt/data/dliebel/2024_dliebel/data/configs/model_config.yaml
